Compiling the C compiler identification source file "CMakeCCompilerId.c" failed.
Compiler: /Library/Developer/CommandLineTools/usr/bin/cc 
Build flags: 
Id flags:  

The output was:
1
ld: library not found for -lSystem
clang: error: linker command failed with exit code 1 (use -v to see invocation)


Determining if the include file endian.h exists failed with the following output:
Change Dir: /Users/rgriffith/Documents/Computer Networks/CSE30264-SP22-ComputerNetworks/project2/json-c-build/CMakeFiles/CMakeTmp

Run Build Command(s):/usr/bin/make -f Makefile cmTC_667cf/fast && /Library/Developer/CommandLineTools/usr/bin/make  -f CMakeFiles/cmTC_667cf.dir/build.make CMakeFiles/cmTC_667cf.dir/build
Building C object CMakeFiles/cmTC_667cf.dir/CheckIncludeFile.c.o
/Library/Developer/CommandLineTools/usr/bin/cc -D_GNU_SOURCE  -isysroot /Library/Developer/CommandLineTools/SDKs/MacOSX11.1.sdk -fPIE -MD -MT CMakeFiles/cmTC_667cf.dir/CheckIncludeFile.c.o -MF CMakeFiles/cmTC_667cf.dir/CheckIncludeFile.c.o.d -o CMakeFiles/cmTC_667cf.dir/CheckIncludeFile.c.o -c "/Users/rgriffith/Documents/Computer Networks/CSE30264-SP22-ComputerNetworks/project2/json-c-build/CMakeFiles/CMakeTmp/CheckIncludeFile.c"
/Users/rgriffith/Documents/Computer Networks/CSE30264-SP22-ComputerNetworks/project2/json-c-build/CMakeFiles/CMakeTmp/CheckIncludeFile.c:1:10: fatal error: 'endian.h' file not found
#include <endian.h>
         ^~~~~~~~~~
1 error generated.
make[1]: *** [CMakeFiles/cmTC_667cf.dir/CheckIncludeFile.c.o] Error 1
make: *** [cmTC_667cf/fast] Error 2



Determining if the include file sys/random.h exists failed with the following output:
Change Dir: /Users/rgriffith/Documents/Computer Networks/CSE30264-SP22-ComputerNetworks/project2/json-c-build/CMakeFiles/CMakeTmp

Run Build Command(s):/usr/bin/make -f Makefile cmTC_681e4/fast && /Library/Developer/CommandLineTools/usr/bin/make  -f CMakeFiles/cmTC_681e4.dir/build.make CMakeFiles/cmTC_681e4.dir/build
Building C object CMakeFiles/cmTC_681e4.dir/CheckIncludeFile.c.o
/Library/Developer/CommandLineTools/usr/bin/cc -D_GNU_SOURCE  -isysroot /Library/Developer/CommandLineTools/SDKs/MacOSX11.1.sdk -fPIE -MD -MT CMakeFiles/cmTC_681e4.dir/CheckIncludeFile.c.o -MF CMakeFiles/cmTC_681e4.dir/CheckIncludeFile.c.o.d -o CMakeFiles/cmTC_681e4.dir/CheckIncludeFile.c.o -c "/Users/rgriffith/Documents/Computer Networks/CSE30264-SP22-ComputerNetworks/project2/json-c-build/CMakeFiles/CMakeTmp/CheckIncludeFile.c"
In file included from /Users/rgriffith/Documents/Computer Networks/CSE30264-SP22-ComputerNetworks/project2/json-c-build/CMakeFiles/CMakeTmp/CheckIncludeFile.c:1:
/Library/Developer/CommandLineTools/SDKs/MacOSX11.1.sdk/usr/include/sys/random.h:36:21: error: expected parameter declarator
    __OSX_AVAILABLE(10.12) __IOS_AVAILABLE(10.0) __TVOS_AVAILABLE(10.0) __WATCHOS_AVAILABLE(3.0)
                    ^
/Library/Developer/CommandLineTools/SDKs/MacOSX11.1.sdk/usr/include/sys/random.h:36:21: error: expected ')'
/Library/Developer/CommandLineTools/SDKs/MacOSX11.1.sdk/usr/include/sys/random.h:36:20: note: to match this '('
    __OSX_AVAILABLE(10.12) __IOS_AVAILABLE(10.0) __TVOS_AVAILABLE(10.0) __WATCHOS_AVAILABLE(3.0)
                   ^
/Library/Developer/CommandLineTools/SDKs/MacOSX11.1.sdk/usr/include/sys/random.h:36:28: error: expected function body after function declarator
    __OSX_AVAILABLE(10.12) __IOS_AVAILABLE(10.0) __TVOS_AVAILABLE(10.0) __WATCHOS_AVAILABLE(3.0)
                           ^
3 errors generated.
make[1]: *** [CMakeFiles/cmTC_681e4.dir/CheckIncludeFile.c.o] Error 1
make: *** [cmTC_681e4/fast] Error 2



Determining if the _isnan exist failed with the following output:
Change Dir: /Users/rgriffith/Documents/Computer Networks/CSE30264-SP22-ComputerNetworks/project2/json-c-build/CMakeFiles/CMakeTmp

Run Build Command(s):/usr/bin/make -f Makefile cmTC_db723/fast && /Library/Developer/CommandLineTools/usr/bin/make  -f CMakeFiles/cmTC_db723.dir/build.make CMakeFiles/cmTC_db723.dir/build
Building C object CMakeFiles/cmTC_db723.dir/CheckSymbolExists.c.o
/Library/Developer/CommandLineTools/usr/bin/cc -D_GNU_SOURCE  -isysroot /Library/Developer/CommandLineTools/SDKs/MacOSX11.1.sdk -fPIE -MD -MT CMakeFiles/cmTC_db723.dir/CheckSymbolExists.c.o -MF CMakeFiles/cmTC_db723.dir/CheckSymbolExists.c.o.d -o CMakeFiles/cmTC_db723.dir/CheckSymbolExists.c.o -c "/Users/rgriffith/Documents/Computer Networks/CSE30264-SP22-ComputerNetworks/project2/json-c-build/CMakeFiles/CMakeTmp/CheckSymbolExists.c"
/Users/rgriffith/Documents/Computer Networks/CSE30264-SP22-ComputerNetworks/project2/json-c-build/CMakeFiles/CMakeTmp/CheckSymbolExists.c:8:19: error: use of undeclared identifier '_isnan'
  return ((int*)(&_isnan))[argc];
                  ^
1 error generated.
make[1]: *** [CMakeFiles/cmTC_db723.dir/CheckSymbolExists.c.o] Error 1
make: *** [cmTC_db723/fast] Error 2


File /Users/rgriffith/Documents/Computer Networks/CSE30264-SP22-ComputerNetworks/project2/json-c-build/CMakeFiles/CMakeTmp/CheckSymbolExists.c:
/* */
#include <float.h>

int main(int argc, char** argv)
{
  (void)argv;
#ifndef _isnan
  return ((int*)(&_isnan))[argc];
#else
  (void)argc;
  return 0;
#endif
}
Determining if the _finite exist failed with the following output:
Change Dir: /Users/rgriffith/Documents/Computer Networks/CSE30264-SP22-ComputerNetworks/project2/json-c-build/CMakeFiles/CMakeTmp

Run Build Command(s):/usr/bin/make -f Makefile cmTC_17555/fast && /Library/Developer/CommandLineTools/usr/bin/make  -f CMakeFiles/cmTC_17555.dir/build.make CMakeFiles/cmTC_17555.dir/build
Building C object CMakeFiles/cmTC_17555.dir/CheckSymbolExists.c.o
/Library/Developer/CommandLineTools/usr/bin/cc -D_GNU_SOURCE  -isysroot /Library/Developer/CommandLineTools/SDKs/MacOSX11.1.sdk -fPIE -MD -MT CMakeFiles/cmTC_17555.dir/CheckSymbolExists.c.o -MF CMakeFiles/cmTC_17555.dir/CheckSymbolExists.c.o.d -o CMakeFiles/cmTC_17555.dir/CheckSymbolExists.c.o -c "/Users/rgriffith/Documents/Computer Networks/CSE30264-SP22-ComputerNetworks/project2/json-c-build/CMakeFiles/CMakeTmp/CheckSymbolExists.c"
/Users/rgriffith/Documents/Computer Networks/CSE30264-SP22-ComputerNetworks/project2/json-c-build/CMakeFiles/CMakeTmp/CheckSymbolExists.c:8:19: error: use of undeclared identifier '_finite'
  return ((int*)(&_finite))[argc];
                  ^
1 error generated.
make[1]: *** [CMakeFiles/cmTC_17555.dir/CheckSymbolExists.c.o] Error 1
make: *** [cmTC_17555/fast] Error 2


File /Users/rgriffith/Documents/Computer Networks/CSE30264-SP22-ComputerNetworks/project2/json-c-build/CMakeFiles/CMakeTmp/CheckSymbolExists.c:
/* */
#include <float.h>

int main(int argc, char** argv)
{
  (void)argv;
#ifndef _finite
  return ((int*)(&_finite))[argc];
#else
  (void)argc;
  return 0;
#endif
}
Determining if the _doprnt exist failed with the following output:
Change Dir: /Users/rgriffith/Documents/Computer Networks/CSE30264-SP22-ComputerNetworks/project2/json-c-build/CMakeFiles/CMakeTmp

Run Build Command(s):/usr/bin/make -f Makefile cmTC_e8d93/fast && /Library/Developer/CommandLineTools/usr/bin/make  -f CMakeFiles/cmTC_e8d93.dir/build.make CMakeFiles/cmTC_e8d93.dir/build
Building C object CMakeFiles/cmTC_e8d93.dir/CheckSymbolExists.c.o
/Library/Developer/CommandLineTools/usr/bin/cc -D_GNU_SOURCE  -isysroot /Library/Developer/CommandLineTools/SDKs/MacOSX11.1.sdk -fPIE -MD -MT CMakeFiles/cmTC_e8d93.dir/CheckSymbolExists.c.o -MF CMakeFiles/cmTC_e8d93.dir/CheckSymbolExists.c.o.d -o CMakeFiles/cmTC_e8d93.dir/CheckSymbolExists.c.o -c "/Users/rgriffith/Documents/Computer Networks/CSE30264-SP22-ComputerNetworks/project2/json-c-build/CMakeFiles/CMakeTmp/CheckSymbolExists.c"
/Users/rgriffith/Documents/Computer Networks/CSE30264-SP22-ComputerNetworks/project2/json-c-build/CMakeFiles/CMakeTmp/CheckSymbolExists.c:8:19: error: use of undeclared identifier '_doprnt'; did you mean 'fdopen'?
  return ((int*)(&_doprnt))[argc];
                  ^~~~~~~
                  fdopen
/Library/Developer/CommandLineTools/SDKs/MacOSX11.1.sdk/usr/include/stdio.h:210:7: note: 'fdopen' declared here
FILE    *fdopen(int, const char *) __DARWIN_ALIAS_STARTING(__MAC_10_6, __IPHONE_2_0, __DARWIN_ALIAS(fdopen));
         ^
1 error generated.
make[1]: *** [CMakeFiles/cmTC_e8d93.dir/CheckSymbolExists.c.o] Error 1
make: *** [cmTC_e8d93/fast] Error 2


File /Users/rgriffith/Documents/Computer Networks/CSE30264-SP22-ComputerNetworks/project2/json-c-build/CMakeFiles/CMakeTmp/CheckSymbolExists.c:
/* */
#include <stdio.h>

int main(int argc, char** argv)
{
  (void)argv;
#ifndef _doprnt
  return ((int*)(&_doprnt))[argc];
#else
  (void)argc;
  return 0;
#endif
}
Determining if the uselocale exist failed with the following output:
Change Dir: /Users/rgriffith/Documents/Computer Networks/CSE30264-SP22-ComputerNetworks/project2/json-c-build/CMakeFiles/CMakeTmp

Run Build Command(s):/usr/bin/make -f Makefile cmTC_5b2cb/fast && /Library/Developer/CommandLineTools/usr/bin/make  -f CMakeFiles/cmTC_5b2cb.dir/build.make CMakeFiles/cmTC_5b2cb.dir/build
Building C object CMakeFiles/cmTC_5b2cb.dir/CheckSymbolExists.c.o
/Library/Developer/CommandLineTools/usr/bin/cc -D_GNU_SOURCE  -isysroot /Library/Developer/CommandLineTools/SDKs/MacOSX11.1.sdk -fPIE -MD -MT CMakeFiles/cmTC_5b2cb.dir/CheckSymbolExists.c.o -MF CMakeFiles/cmTC_5b2cb.dir/CheckSymbolExists.c.o.d -o CMakeFiles/cmTC_5b2cb.dir/CheckSymbolExists.c.o -c "/Users/rgriffith/Documents/Computer Networks/CSE30264-SP22-ComputerNetworks/project2/json-c-build/CMakeFiles/CMakeTmp/CheckSymbolExists.c"
/Users/rgriffith/Documents/Computer Networks/CSE30264-SP22-ComputerNetworks/project2/json-c-build/CMakeFiles/CMakeTmp/CheckSymbolExists.c:8:19: error: use of undeclared identifier 'uselocale'; did you mean 'setlocale'?
  return ((int*)(&uselocale))[argc];
                  ^~~~~~~~~
                  setlocale
/Library/Developer/CommandLineTools/SDKs/MacOSX11.1.sdk/usr/include/locale.h:53:8: note: 'setlocale' declared here
char            *setlocale(int, const char *);
                 ^
1 error generated.
make[1]: *** [CMakeFiles/cmTC_5b2cb.dir/CheckSymbolExists.c.o] Error 1
make: *** [cmTC_5b2cb/fast] Error 2


File /Users/rgriffith/Documents/Computer Networks/CSE30264-SP22-ComputerNetworks/project2/json-c-build/CMakeFiles/CMakeTmp/CheckSymbolExists.c:
/* */
#include <locale.h>

int main(int argc, char** argv)
{
  (void)argv;
#ifndef uselocale
  return ((int*)(&uselocale))[argc];
#else
  (void)argc;
  return 0;
#endif
}
Performing C SOURCE FILE Test HAS_GNU_WARNING_LONG failed with the following output:
Change Dir: /Users/rgriffith/Documents/Computer Networks/CSE30264-SP22-ComputerNetworks/project2/json-c-build/CMakeFiles/CMakeTmp

Run Build Command(s):/usr/bin/make -f Makefile cmTC_8d84b/fast && /Library/Developer/CommandLineTools/usr/bin/make  -f CMakeFiles/cmTC_8d84b.dir/build.make CMakeFiles/cmTC_8d84b.dir/build
Building C object CMakeFiles/cmTC_8d84b.dir/src.c.o
/Library/Developer/CommandLineTools/usr/bin/cc -DHAS_GNU_WARNING_LONG -D_GNU_SOURCE  -isysroot /Library/Developer/CommandLineTools/SDKs/MacOSX11.1.sdk -fPIE -MD -MT CMakeFiles/cmTC_8d84b.dir/src.c.o -MF CMakeFiles/cmTC_8d84b.dir/src.c.o.d -o CMakeFiles/cmTC_8d84b.dir/src.c.o -c "/Users/rgriffith/Documents/Computer Networks/CSE30264-SP22-ComputerNetworks/project2/json-c-build/CMakeFiles/CMakeTmp/src.c"
/Users/rgriffith/Documents/Computer Networks/CSE30264-SP22-ComputerNetworks/project2/json-c-build/CMakeFiles/CMakeTmp/src.c:3:9: warning: missing terminating '"' character [-Winvalid-pp-token]
__asm__(".section .gnu.json_object_get
        ^
/Users/rgriffith/Documents/Computer Networks/CSE30264-SP22-ComputerNetworks/project2/json-c-build/CMakeFiles/CMakeTmp/src.c:3:9: error: expected string literal in 'asm'
/Users/rgriffith/Documents/Computer Networks/CSE30264-SP22-ComputerNetworks/project2/json-c-build/CMakeFiles/CMakeTmp/src.c:5:7: warning: missing terminating '"' character [-Winvalid-pp-token]
        .text");
             ^
/Users/rgriffith/Documents/Computer Networks/CSE30264-SP22-ComputerNetworks/project2/json-c-build/CMakeFiles/CMakeTmp/src.c:6:38: error: expected ';' after top-level asm block
int main(int c, char *v) { return 0;}
                                     ^
                                     ;
2 warnings and 2 errors generated.
make[1]: *** [CMakeFiles/cmTC_8d84b.dir/src.c.o] Error 1
make: *** [cmTC_8d84b/fast] Error 2


Source file was:

extern void json_object_get();
__asm__(".section .gnu.json_object_get
	.ascii "Please link against libjson-c instead of libjson"
	.text");
int main(int c, char *v) { return 0;}

Performing C SOURCE FILE Test BSYMBOLIC_WORKS failed with the following output:
Change Dir: /Users/rgriffith/Documents/Computer Networks/CSE30264-SP22-ComputerNetworks/project2/json-c-build/CMakeFiles/CMakeTmp

Run Build Command(s):/usr/bin/make -f Makefile cmTC_e2603/fast && /Library/Developer/CommandLineTools/usr/bin/make  -f CMakeFiles/cmTC_e2603.dir/build.make CMakeFiles/cmTC_e2603.dir/build
Building C object CMakeFiles/cmTC_e2603.dir/src.c.o
/Library/Developer/CommandLineTools/usr/bin/cc -DBSYMBOLIC_WORKS -D_GNU_SOURCE  -ffunction-sections -fdata-sections -Werror -Wall -Wcast-qual -Wno-error=deprecated-declarations -Wextra -Wwrite-strings -Wno-unused-parameter -Wstrict-prototypes  -isysroot /Library/Developer/CommandLineTools/SDKs/MacOSX11.1.sdk -fPIE -MD -MT CMakeFiles/cmTC_e2603.dir/src.c.o -MF CMakeFiles/cmTC_e2603.dir/src.c.o.d -o CMakeFiles/cmTC_e2603.dir/src.c.o -c "/Users/rgriffith/Documents/Computer Networks/CSE30264-SP22-ComputerNetworks/project2/json-c-build/CMakeFiles/CMakeTmp/src.c"
Linking C executable cmTC_e2603
/usr/local/Cellar/cmake/3.22.3/bin/cmake -E cmake_link_script CMakeFiles/cmTC_e2603.dir/link.txt --verbose=1
/Library/Developer/CommandLineTools/usr/bin/cc  -ffunction-sections -fdata-sections -Werror -Wall -Wcast-qual -Wno-error=deprecated-declarations -Wextra -Wwrite-strings -Wno-unused-parameter -Wstrict-prototypes  -isysroot /Library/Developer/CommandLineTools/SDKs/MacOSX11.1.sdk -Wl,-search_paths_first -Wl,-headerpad_max_install_names CMakeFiles/cmTC_e2603.dir/src.c.o -o cmTC_e2603  -lm -Wl,-Bsymbolic-functions 
ld: unknown option: -Bsymbolic-functions
clang: error: linker command failed with exit code 1 (use -v to see invocation)
make[1]: *** [cmTC_e2603] Error 1
make: *** [cmTC_e2603/fast] Error 2


Source file was:

	int main (void)
	{
	  return 0;
	}
	
Performing C SOURCE FILE Test VERSION_SCRIPT_WORKS failed with the following output:
Change Dir: /Users/rgriffith/Documents/Computer Networks/CSE30264-SP22-ComputerNetworks/project2/json-c-build/CMakeFiles/CMakeTmp

Run Build Command(s):/usr/bin/make -f Makefile cmTC_fc928/fast && /Library/Developer/CommandLineTools/usr/bin/make  -f CMakeFiles/cmTC_fc928.dir/build.make CMakeFiles/cmTC_fc928.dir/build
Building C object CMakeFiles/cmTC_fc928.dir/src.c.o
/Library/Developer/CommandLineTools/usr/bin/cc -DVERSION_SCRIPT_WORKS -D_GNU_SOURCE  -ffunction-sections -fdata-sections -Werror -Wall -Wcast-qual -Wno-error=deprecated-declarations -Wextra -Wwrite-strings -Wno-unused-parameter -Wstrict-prototypes  -isysroot /Library/Developer/CommandLineTools/SDKs/MacOSX11.1.sdk -fPIE -MD -MT CMakeFiles/cmTC_fc928.dir/src.c.o -MF CMakeFiles/cmTC_fc928.dir/src.c.o.d -o CMakeFiles/cmTC_fc928.dir/src.c.o -c "/Users/rgriffith/Documents/Computer Networks/CSE30264-SP22-ComputerNetworks/project2/json-c-build/CMakeFiles/CMakeTmp/src.c"
Linking C executable cmTC_fc928
/usr/local/Cellar/cmake/3.22.3/bin/cmake -E cmake_link_script CMakeFiles/cmTC_fc928.dir/link.txt --verbose=1
/Library/Developer/CommandLineTools/usr/bin/cc  -ffunction-sections -fdata-sections -Werror -Wall -Wcast-qual -Wno-error=deprecated-declarations -Wextra -Wwrite-strings -Wno-unused-parameter -Wstrict-prototypes  -isysroot /Library/Developer/CommandLineTools/SDKs/MacOSX11.1.sdk -Wl,-search_paths_first -Wl,-headerpad_max_install_names CMakeFiles/cmTC_fc928.dir/src.c.o -o cmTC_fc928  -lm -Wl,--version-script,/Users/rgriffith/Documents/Computer Networks/CSE30264-SP22-ComputerNetworks/project2/json-c-build/check-version-script.sym 
clang: error: no such file or directory: 'Networks/CSE30264-SP22-ComputerNetworks/project2/json-c-build/check-version-script.sym'
make[1]: *** [cmTC_fc928] Error 1
make: *** [cmTC_fc928/fast] Error 2


Source file was:

	int main (void)
	{
	  return 0;
	}
	
